The system is: Linux - 4.10.0-37-generic - x86_64
Compiling the C compiler identification source file "CMakeCCompilerId.c" succeeded.
Compiler: /usr/bin/cc 
Build flags: 
Id flags: 

The output was:
0


Compilation of the C compiler identification source "CMakeCCompilerId.c" produced "a.out"

The C compiler identification is GNU, found in "/home/jack/Desktop/STMicroelectronics/stlink/CMakeFiles/3.5.1/CompilerIdC/a.out"

Determining if the C compiler works passed with the following output:
Change Dir: /home/jack/Desktop/STMicroelectronics/stlink/CMakeFiles/CMakeTmp

Run Build Command:"/usr/bin/make" "cmTC_77739/fast"
/usr/bin/make -f CMakeFiles/cmTC_77739.dir/build.make CMakeFiles/cmTC_77739.dir/build
make[1]: Entering directory '/home/jack/Desktop/STMicroelectronics/stlink/CMakeFiles/CMakeTmp'
Building C object CMakeFiles/cmTC_77739.dir/testCCompiler.c.o
/usr/bin/cc     -o CMakeFiles/cmTC_77739.dir/testCCompiler.c.o   -c /home/jack/Desktop/STMicroelectronics/stlink/CMakeFiles/CMakeTmp/testCCompiler.c
Linking C executable cmTC_77739
/usr/bin/cmake -E cmake_link_script CMakeFiles/cmTC_77739.dir/link.txt --verbose=1
/usr/bin/cc       CMakeFiles/cmTC_77739.dir/testCCompiler.c.o  -o cmTC_77739 -rdynamic 
make[1]: Leaving directory '/home/jack/Desktop/STMicroelectronics/stlink/CMakeFiles/CMakeTmp'


Detecting C compiler ABI info compiled with the following output:
Change Dir: /home/jack/Desktop/STMicroelectronics/stlink/CMakeFiles/CMakeTmp

Run Build Command:"/usr/bin/make" "cmTC_b1bb0/fast"
/usr/bin/make -f CMakeFiles/cmTC_b1bb0.dir/build.make CMakeFiles/cmTC_b1bb0.dir/build
make[1]: Entering directory '/home/jack/Desktop/STMicroelectronics/stlink/CMakeFiles/CMakeTmp'
Building C object CMakeFiles/cmTC_b1bb0.dir/CMakeCCompilerABI.c.o
/usr/bin/cc     -o CMakeFiles/cmTC_b1bb0.dir/CMakeCCompilerABI.c.o   -c /usr/share/cmake-3.5/Modules/CMakeCCompilerABI.c
Linking C executable cmTC_b1bb0
/usr/bin/cmake -E cmake_link_script CMakeFiles/cmTC_b1bb0.dir/link.txt --verbose=1
/usr/bin/cc      -v CMakeFiles/cmTC_b1bb0.dir/CMakeCCompilerABI.c.o  -o cmTC_b1bb0 -rdynamic  
Using built-in specs.
COLLECT_GCC=/usr/bin/cc
COLLECT_LTO_WRAPPER=/usr/lib/gcc/x86_64-linux-gnu/5/lto-wrapper
Target: x86_64-linux-gnu
Configured with: ../src/configure -v --with-pkgversion='Ubuntu 5.4.0-6ubuntu1~16.04.5' --with-bugurl=file:///usr/share/doc/gcc-5/README.Bugs --enable-languages=c,ada,c++,java,go,d,fortran,objc,obj-c++ --prefix=/usr --program-suffix=-5 --enable-shared --enable-linker-build-id --libexecdir=/usr/lib --without-included-gettext --enable-threads=posix --libdir=/usr/lib --enable-nls --with-sysroot=/ --enable-clocale=gnu --enable-libstdcxx-debug --enable-libstdcxx-time=yes --with-default-libstdcxx-abi=new --enable-gnu-unique-object --disable-vtable-verify --enable-libmpx --enable-plugin --with-system-zlib --disable-browser-plugin --enable-java-awt=gtk --enable-gtk-cairo --with-java-home=/usr/lib/jvm/java-1.5.0-gcj-5-amd64/jre --enable-java-home --with-jvm-root-dir=/usr/lib/jvm/java-1.5.0-gcj-5-amd64 --with-jvm-jar-dir=/usr/lib/jvm-exports/java-1.5.0-gcj-5-amd64 --with-arch-directory=amd64 --with-ecj-jar=/usr/share/java/eclipse-ecj.jar --enable-objc-gc --enable-multiarch --disable-werror --with-arch-32=i686 --with-abi=m64 --with-multilib-list=m32,m64,mx32 --enable-multilib --with-tune=generic --enable-checking=release --build=x86_64-linux-gnu --host=x86_64-linux-gnu --target=x86_64-linux-gnu
Thread model: posix
gcc version 5.4.0 20160609 (Ubuntu 5.4.0-6ubuntu1~16.04.5) 
COMPILER_PATH=/usr/lib/gcc/x86_64-linux-gnu/5/:/usr/lib/gcc/x86_64-linux-gnu/5/:/usr/lib/gcc/x86_64-linux-gnu/:/usr/lib/gcc/x86_64-linux-gnu/5/:/usr/lib/gcc/x86_64-linux-gnu/
LIBRARY_PATH=/usr/lib/gcc/x86_64-linux-gnu/5/:/usr/lib/gcc/x86_64-linux-gnu/5/../../../x86_64-linux-gnu/:/usr/lib/gcc/x86_64-linux-gnu/5/../../../../lib/:/lib/x86_64-linux-gnu/:/lib/../lib/:/usr/lib/x86_64-linux-gnu/:/usr/lib/../lib/:/usr/lib/gcc/x86_64-linux-gnu/5/../../../:/lib/:/usr/lib/
COLLECT_GCC_OPTIONS='-v' '-o' 'cmTC_b1bb0' '-rdynamic' '-mtune=generic' '-march=x86-64'
 /usr/lib/gcc/x86_64-linux-gnu/5/collect2 -plugin /usr/lib/gcc/x86_64-linux-gnu/5/liblto_plugin.so -plugin-opt=/usr/lib/gcc/x86_64-linux-gnu/5/lto-wrapper -plugin-opt=-fresolution=/tmp/ccUDABLT.res -plugin-opt=-pass-through=-lgcc -plugin-opt=-pass-through=-lgcc_s -plugin-opt=-pass-through=-lc -plugin-opt=-pass-through=-lgcc -plugin-opt=-pass-through=-lgcc_s --sysroot=/ --build-id --eh-frame-hdr -m elf_x86_64 --hash-style=gnu --as-needed -export-dynamic -dynamic-linker /lib64/ld-linux-x86-64.so.2 -z relro -o cmTC_b1bb0 /usr/lib/gcc/x86_64-linux-gnu/5/../../../x86_64-linux-gnu/crt1.o /usr/lib/gcc/x86_64-linux-gnu/5/../../../x86_64-linux-gnu/crti.o /usr/lib/gcc/x86_64-linux-gnu/5/crtbegin.o -L/usr/lib/gcc/x86_64-linux-gnu/5 -L/usr/lib/gcc/x86_64-linux-gnu/5/../../../x86_64-linux-gnu -L/usr/lib/gcc/x86_64-linux-gnu/5/../../../../lib -L/lib/x86_64-linux-gnu -L/lib/../lib -L/usr/lib/x86_64-linux-gnu -L/usr/lib/../lib -L/usr/lib/gcc/x86_64-linux-gnu/5/../../.. CMakeFiles/cmTC_b1bb0.dir/CMakeCCompilerABI.c.o -lgcc --as-needed -lgcc_s --no-as-needed -lc -lgcc --as-needed -lgcc_s --no-as-needed /usr/lib/gcc/x86_64-linux-gnu/5/crtend.o /usr/lib/gcc/x86_64-linux-gnu/5/../../../x86_64-linux-gnu/crtn.o
make[1]: Leaving directory '/home/jack/Desktop/STMicroelectronics/stlink/CMakeFiles/CMakeTmp'


Parsed C implicit link information from above output:
  link line regex: [^( *|.*[/\])(ld|([^/\]+-)?ld|collect2)[^/\]*( |$)]
  ignore line: [Change Dir: /home/jack/Desktop/STMicroelectronics/stlink/CMakeFiles/CMakeTmp]
  ignore line: []
  ignore line: [Run Build Command:"/usr/bin/make" "cmTC_b1bb0/fast"]
  ignore line: [/usr/bin/make -f CMakeFiles/cmTC_b1bb0.dir/build.make CMakeFiles/cmTC_b1bb0.dir/build]
  ignore line: [make[1]: Entering directory '/home/jack/Desktop/STMicroelectronics/stlink/CMakeFiles/CMakeTmp']
  ignore line: [Building C object CMakeFiles/cmTC_b1bb0.dir/CMakeCCompilerABI.c.o]
  ignore line: [/usr/bin/cc     -o CMakeFiles/cmTC_b1bb0.dir/CMakeCCompilerABI.c.o   -c /usr/share/cmake-3.5/Modules/CMakeCCompilerABI.c]
  ignore line: [Linking C executable cmTC_b1bb0]
  ignore line: [/usr/bin/cmake -E cmake_link_script CMakeFiles/cmTC_b1bb0.dir/link.txt --verbose=1]
  ignore line: [/usr/bin/cc      -v CMakeFiles/cmTC_b1bb0.dir/CMakeCCompilerABI.c.o  -o cmTC_b1bb0 -rdynamic  ]
  ignore line: [Using built-in specs.]
  ignore line: [COLLECT_GCC=/usr/bin/cc]
  ignore line: [COLLECT_LTO_WRAPPER=/usr/lib/gcc/x86_64-linux-gnu/5/lto-wrapper]
  ignore line: [Target: x86_64-linux-gnu]
  ignore line: [Configured with: ../src/configure -v --with-pkgversion='Ubuntu 5.4.0-6ubuntu1~16.04.5' --with-bugurl=file:///usr/share/doc/gcc-5/README.Bugs --enable-languages=c,ada,c++,java,go,d,fortran,objc,obj-c++ --prefix=/usr --program-suffix=-5 --enable-shared --enable-linker-build-id --libexecdir=/usr/lib --without-included-gettext --enable-threads=posix --libdir=/usr/lib --enable-nls --with-sysroot=/ --enable-clocale=gnu --enable-libstdcxx-debug --enable-libstdcxx-time=yes --with-default-libstdcxx-abi=new --enable-gnu-unique-object --disable-vtable-verify --enable-libmpx --enable-plugin --with-system-zlib --disable-browser-plugin --enable-java-awt=gtk --enable-gtk-cairo --with-java-home=/usr/lib/jvm/java-1.5.0-gcj-5-amd64/jre --enable-java-home --with-jvm-root-dir=/usr/lib/jvm/java-1.5.0-gcj-5-amd64 --with-jvm-jar-dir=/usr/lib/jvm-exports/java-1.5.0-gcj-5-amd64 --with-arch-directory=amd64 --with-ecj-jar=/usr/share/java/eclipse-ecj.jar --enable-objc-gc --enable-multiarch --disable-werror --with-arch-32=i686 --with-abi=m64 --with-multilib-list=m32,m64,mx32 --enable-multilib --with-tune=generic --enable-checking=release --build=x86_64-linux-gnu --host=x86_64-linux-gnu --target=x86_64-linux-gnu]
  ignore line: [Thread model: posix]
  ignore line: [gcc version 5.4.0 20160609 (Ubuntu 5.4.0-6ubuntu1~16.04.5) ]
  ignore line: [COMPILER_PATH=/usr/lib/gcc/x86_64-linux-gnu/5/:/usr/lib/gcc/x86_64-linux-gnu/5/:/usr/lib/gcc/x86_64-linux-gnu/:/usr/lib/gcc/x86_64-linux-gnu/5/:/usr/lib/gcc/x86_64-linux-gnu/]
  ignore line: [LIBRARY_PATH=/usr/lib/gcc/x86_64-linux-gnu/5/:/usr/lib/gcc/x86_64-linux-gnu/5/../../../x86_64-linux-gnu/:/usr/lib/gcc/x86_64-linux-gnu/5/../../../../lib/:/lib/x86_64-linux-gnu/:/lib/../lib/:/usr/lib/x86_64-linux-gnu/:/usr/lib/../lib/:/usr/lib/gcc/x86_64-linux-gnu/5/../../../:/lib/:/usr/lib/]
  ignore line: [COLLECT_GCC_OPTIONS='-v' '-o' 'cmTC_b1bb0' '-rdynamic' '-mtune=generic' '-march=x86-64']
  link line: [ /usr/lib/gcc/x86_64-linux-gnu/5/collect2 -plugin /usr/lib/gcc/x86_64-linux-gnu/5/liblto_plugin.so -plugin-opt=/usr/lib/gcc/x86_64-linux-gnu/5/lto-wrapper -plugin-opt=-fresolution=/tmp/ccUDABLT.res -plugin-opt=-pass-through=-lgcc -plugin-opt=-pass-through=-lgcc_s -plugin-opt=-pass-through=-lc -plugin-opt=-pass-through=-lgcc -plugin-opt=-pass-through=-lgcc_s --sysroot=/ --build-id --eh-frame-hdr -m elf_x86_64 --hash-style=gnu --as-needed -export-dynamic -dynamic-linker /lib64/ld-linux-x86-64.so.2 -z relro -o cmTC_b1bb0 /usr/lib/gcc/x86_64-linux-gnu/5/../../../x86_64-linux-gnu/crt1.o /usr/lib/gcc/x86_64-linux-gnu/5/../../../x86_64-linux-gnu/crti.o /usr/lib/gcc/x86_64-linux-gnu/5/crtbegin.o -L/usr/lib/gcc/x86_64-linux-gnu/5 -L/usr/lib/gcc/x86_64-linux-gnu/5/../../../x86_64-linux-gnu -L/usr/lib/gcc/x86_64-linux-gnu/5/../../../../lib -L/lib/x86_64-linux-gnu -L/lib/../lib -L/usr/lib/x86_64-linux-gnu -L/usr/lib/../lib -L/usr/lib/gcc/x86_64-linux-gnu/5/../../.. CMakeFiles/cmTC_b1bb0.dir/CMakeCCompilerABI.c.o -lgcc --as-needed -lgcc_s --no-as-needed -lc -lgcc --as-needed -lgcc_s --no-as-needed /usr/lib/gcc/x86_64-linux-gnu/5/crtend.o /usr/lib/gcc/x86_64-linux-gnu/5/../../../x86_64-linux-gnu/crtn.o]
    arg [/usr/lib/gcc/x86_64-linux-gnu/5/collect2] ==> ignore
    arg [-plugin] ==> ignore
    arg [/usr/lib/gcc/x86_64-linux-gnu/5/liblto_plugin.so] ==> ignore
    arg [-plugin-opt=/usr/lib/gcc/x86_64-linux-gnu/5/lto-wrapper] ==> ignore
    arg [-plugin-opt=-fresolution=/tmp/ccUDABLT.res] ==> ignore
    arg [-plugin-opt=-pass-through=-lgcc] ==> ignore
    arg [-plugin-opt=-pass-through=-lgcc_s] ==> ignore
    arg [-plugin-opt=-pass-through=-lc] ==> ignore
    arg [-plugin-opt=-pass-through=-lgcc] ==> ignore
    arg [-plugin-opt=-pass-through=-lgcc_s] ==> ignore
    arg [--sysroot=/] ==> ignore
    arg [--build-id] ==> ignore
    arg [--eh-frame-hdr] ==> ignore
    arg [-m] ==> ignore
    arg [elf_x86_64] ==> ignore
    arg [--hash-style=gnu] ==> ignore
    arg [--as-needed] ==> ignore
    arg [-export-dynamic] ==> ignore
    arg [-dynamic-linker] ==> ignore
    arg [/lib64/ld-linux-x86-64.so.2] ==> ignore
    arg [-zrelro] ==> ignore
    arg [-o] ==> ignore
    arg [cmTC_b1bb0] ==> ignore
    arg [/usr/lib/gcc/x86_64-linux-gnu/5/../../../x86_64-linux-gnu/crt1.o] ==> ignore
    arg [/usr/lib/gcc/x86_64-linux-gnu/5/../../../x86_64-linux-gnu/crti.o] ==> ignore
    arg [/usr/lib/gcc/x86_64-linux-gnu/5/crtbegin.o] ==> ignore
    arg [-L/usr/lib/gcc/x86_64-linux-gnu/5] ==> dir [/usr/lib/gcc/x86_64-linux-gnu/5]
    arg [-L/usr/lib/gcc/x86_64-linux-gnu/5/../../../x86_64-linux-gnu] ==> dir [/usr/lib/gcc/x86_64-linux-gnu/5/../../../x86_64-linux-gnu]
    arg [-L/usr/lib/gcc/x86_64-linux-gnu/5/../../../../lib] ==> dir [/usr/lib/gcc/x86_64-linux-gnu/5/../../../../lib]
    arg [-L/lib/x86_64-linux-gnu] ==> dir [/lib/x86_64-linux-gnu]
    arg [-L/lib/../lib] ==> dir [/lib/../lib]
    arg [-L/usr/lib/x86_64-linux-gnu] ==> dir [/usr/lib/x86_64-linux-gnu]
    arg [-L/usr/lib/../lib] ==> dir [/usr/lib/../lib]
    arg [-L/usr/lib/gcc/x86_64-linux-gnu/5/../../..] ==> dir [/usr/lib/gcc/x86_64-linux-gnu/5/../../..]
    arg [CMakeFiles/cmTC_b1bb0.dir/CMakeCCompilerABI.c.o] ==> ignore
    arg [-lgcc] ==> lib [gcc]
    arg [--as-needed] ==> ignore
    arg [-lgcc_s] ==> lib [gcc_s]
    arg [--no-as-needed] ==> ignore
    arg [-lc] ==> lib [c]
    arg [-lgcc] ==> lib [gcc]
    arg [--as-needed] ==> ignore
    arg [-lgcc_s] ==> lib [gcc_s]
    arg [--no-as-needed] ==> ignore
    arg [/usr/lib/gcc/x86_64-linux-gnu/5/crtend.o] ==> ignore
    arg [/usr/lib/gcc/x86_64-linux-gnu/5/../../../x86_64-linux-gnu/crtn.o] ==> ignore
  remove lib [gcc]
  remove lib [gcc_s]
  remove lib [gcc]
  remove lib [gcc_s]
  collapse library dir [/usr/lib/gcc/x86_64-linux-gnu/5] ==> [/usr/lib/gcc/x86_64-linux-gnu/5]
  collapse library dir [/usr/lib/gcc/x86_64-linux-gnu/5/../../../x86_64-linux-gnu] ==> [/usr/lib/x86_64-linux-gnu]
  collapse library dir [/usr/lib/gcc/x86_64-linux-gnu/5/../../../../lib] ==> [/usr/lib]
  collapse library dir [/lib/x86_64-linux-gnu] ==> [/lib/x86_64-linux-gnu]
  collapse library dir [/lib/../lib] ==> [/lib]
  collapse library dir [/usr/lib/x86_64-linux-gnu] ==> [/usr/lib/x86_64-linux-gnu]
  collapse library dir [/usr/lib/../lib] ==> [/usr/lib]
  collapse library dir [/usr/lib/gcc/x86_64-linux-gnu/5/../../..] ==> [/usr/lib]
  implicit libs: [c]
  implicit dirs: [/usr/lib/gcc/x86_64-linux-gnu/5;/usr/lib/x86_64-linux-gnu;/usr/lib;/lib/x86_64-linux-gnu;/lib]
  implicit fwks: []




Detecting C [-std=c11] compiler features compiled with the following output:
Change Dir: /home/jack/Desktop/STMicroelectronics/stlink/CMakeFiles/CMakeTmp

Run Build Command:"/usr/bin/make" "cmTC_97b89/fast"
/usr/bin/make -f CMakeFiles/cmTC_97b89.dir/build.make CMakeFiles/cmTC_97b89.dir/build
make[1]: Entering directory '/home/jack/Desktop/STMicroelectronics/stlink/CMakeFiles/CMakeTmp'
Building C object CMakeFiles/cmTC_97b89.dir/feature_tests.c.o
/usr/bin/cc    -std=c11 -o CMakeFiles/cmTC_97b89.dir/feature_tests.c.o   -c /home/jack/Desktop/STMicroelectronics/stlink/CMakeFiles/feature_tests.c
Linking C executable cmTC_97b89
/usr/bin/cmake -E cmake_link_script CMakeFiles/cmTC_97b89.dir/link.txt --verbose=1
/usr/bin/cc       CMakeFiles/cmTC_97b89.dir/feature_tests.c.o  -o cmTC_97b89 -rdynamic 
make[1]: Leaving directory '/home/jack/Desktop/STMicroelectronics/stlink/CMakeFiles/CMakeTmp'


    Feature record: C_FEATURE:1c_function_prototypes
    Feature record: C_FEATURE:1c_restrict
    Feature record: C_FEATURE:1c_static_assert
    Feature record: C_FEATURE:1c_variadic_macros


Detecting C [-std=c99] compiler features compiled with the following output:
Change Dir: /home/jack/Desktop/STMicroelectronics/stlink/CMakeFiles/CMakeTmp

Run Build Command:"/usr/bin/make" "cmTC_3f8a4/fast"
/usr/bin/make -f CMakeFiles/cmTC_3f8a4.dir/build.make CMakeFiles/cmTC_3f8a4.dir/build
make[1]: Entering directory '/home/jack/Desktop/STMicroelectronics/stlink/CMakeFiles/CMakeTmp'
Building C object CMakeFiles/cmTC_3f8a4.dir/feature_tests.c.o
/usr/bin/cc    -std=c99 -o CMakeFiles/cmTC_3f8a4.dir/feature_tests.c.o   -c /home/jack/Desktop/STMicroelectronics/stlink/CMakeFiles/feature_tests.c
Linking C executable cmTC_3f8a4
/usr/bin/cmake -E cmake_link_script CMakeFiles/cmTC_3f8a4.dir/link.txt --verbose=1
/usr/bin/cc       CMakeFiles/cmTC_3f8a4.dir/feature_tests.c.o  -o cmTC_3f8a4 -rdynamic 
make[1]: Leaving directory '/home/jack/Desktop/STMicroelectronics/stlink/CMakeFiles/CMakeTmp'


    Feature record: C_FEATURE:1c_function_prototypes
    Feature record: C_FEATURE:1c_restrict
    Feature record: C_FEATURE:0c_static_assert
    Feature record: C_FEATURE:1c_variadic_macros


Detecting C [-std=c90] compiler features compiled with the following output:
Change Dir: /home/jack/Desktop/STMicroelectronics/stlink/CMakeFiles/CMakeTmp

Run Build Command:"/usr/bin/make" "cmTC_526aa/fast"
/usr/bin/make -f CMakeFiles/cmTC_526aa.dir/build.make CMakeFiles/cmTC_526aa.dir/build
make[1]: Entering directory '/home/jack/Desktop/STMicroelectronics/stlink/CMakeFiles/CMakeTmp'
Building C object CMakeFiles/cmTC_526aa.dir/feature_tests.c.o
/usr/bin/cc    -std=c90 -o CMakeFiles/cmTC_526aa.dir/feature_tests.c.o   -c /home/jack/Desktop/STMicroelectronics/stlink/CMakeFiles/feature_tests.c
Linking C executable cmTC_526aa
/usr/bin/cmake -E cmake_link_script CMakeFiles/cmTC_526aa.dir/link.txt --verbose=1
/usr/bin/cc       CMakeFiles/cmTC_526aa.dir/feature_tests.c.o  -o cmTC_526aa -rdynamic 
make[1]: Leaving directory '/home/jack/Desktop/STMicroelectronics/stlink/CMakeFiles/CMakeTmp'


    Feature record: C_FEATURE:1c_function_prototypes
    Feature record: C_FEATURE:0c_restrict
    Feature record: C_FEATURE:0c_static_assert
    Feature record: C_FEATURE:0c_variadic_macros
Performing C SOURCE FILE Test C_SUPPORTS_STD_GNU99 succeeded with the following output:
Change Dir: /home/jack/Desktop/MCU/STMicroelectronics/stlink/CMakeFiles/CMakeTmp

Run Build Command:"/usr/bin/make" "cmTC_51ce2/fast"
/usr/bin/make -f CMakeFiles/cmTC_51ce2.dir/build.make CMakeFiles/cmTC_51ce2.dir/build
make[1]: Entering directory '/home/jack/Desktop/MCU/STMicroelectronics/stlink/CMakeFiles/CMakeTmp'
Building C object CMakeFiles/cmTC_51ce2.dir/src.c.o
/usr/bin/cc    -DC_SUPPORTS_STD_GNU99   -std=gnu99 -o CMakeFiles/cmTC_51ce2.dir/src.c.o   -c /home/jack/Desktop/MCU/STMicroelectronics/stlink/CMakeFiles/CMakeTmp/src.c
Linking C executable cmTC_51ce2
/usr/bin/cmake -E cmake_link_script CMakeFiles/cmTC_51ce2.dir/link.txt --verbose=1
/usr/bin/cc   -DC_SUPPORTS_STD_GNU99    CMakeFiles/cmTC_51ce2.dir/src.c.o  -o cmTC_51ce2 -rdynamic 
make[1]: Leaving directory '/home/jack/Desktop/MCU/STMicroelectronics/stlink/CMakeFiles/CMakeTmp'

Source file was:
int main(void) { return 0; }
Performing C SOURCE FILE Test C_SUPPORTS_WALL succeeded with the following output:
Change Dir: /home/jack/Desktop/MCU/STMicroelectronics/stlink/CMakeFiles/CMakeTmp

Run Build Command:"/usr/bin/make" "cmTC_0e82c/fast"
/usr/bin/make -f CMakeFiles/cmTC_0e82c.dir/build.make CMakeFiles/cmTC_0e82c.dir/build
make[1]: Entering directory '/home/jack/Desktop/MCU/STMicroelectronics/stlink/CMakeFiles/CMakeTmp'
Building C object CMakeFiles/cmTC_0e82c.dir/src.c.o
/usr/bin/cc    -std=gnu99 -DC_SUPPORTS_WALL   -Wall -o CMakeFiles/cmTC_0e82c.dir/src.c.o   -c /home/jack/Desktop/MCU/STMicroelectronics/stlink/CMakeFiles/CMakeTmp/src.c
Linking C executable cmTC_0e82c
/usr/bin/cmake -E cmake_link_script CMakeFiles/cmTC_0e82c.dir/link.txt --verbose=1
/usr/bin/cc   -std=gnu99 -DC_SUPPORTS_WALL    CMakeFiles/cmTC_0e82c.dir/src.c.o  -o cmTC_0e82c -rdynamic 
make[1]: Leaving directory '/home/jack/Desktop/MCU/STMicroelectronics/stlink/CMakeFiles/CMakeTmp'

Source file was:
int main(void) { return 0; }
Performing C SOURCE FILE Test C_SUPPORTS_WEXTRA succeeded with the following output:
Change Dir: /home/jack/Desktop/MCU/STMicroelectronics/stlink/CMakeFiles/CMakeTmp

Run Build Command:"/usr/bin/make" "cmTC_5612c/fast"
/usr/bin/make -f CMakeFiles/cmTC_5612c.dir/build.make CMakeFiles/cmTC_5612c.dir/build
make[1]: Entering directory '/home/jack/Desktop/MCU/STMicroelectronics/stlink/CMakeFiles/CMakeTmp'
Building C object CMakeFiles/cmTC_5612c.dir/src.c.o
/usr/bin/cc    -std=gnu99 -Wall -DC_SUPPORTS_WEXTRA   -Wextra -o CMakeFiles/cmTC_5612c.dir/src.c.o   -c /home/jack/Desktop/MCU/STMicroelectronics/stlink/CMakeFiles/CMakeTmp/src.c
Linking C executable cmTC_5612c
/usr/bin/cmake -E cmake_link_script CMakeFiles/cmTC_5612c.dir/link.txt --verbose=1
/usr/bin/cc   -std=gnu99 -Wall -DC_SUPPORTS_WEXTRA    CMakeFiles/cmTC_5612c.dir/src.c.o  -o cmTC_5612c -rdynamic 
make[1]: Leaving directory '/home/jack/Desktop/MCU/STMicroelectronics/stlink/CMakeFiles/CMakeTmp'

Source file was:
int main(void) { return 0; }
Performing C SOURCE FILE Test C_SUPPORTS_WSHADOW succeeded with the following output:
Change Dir: /home/jack/Desktop/MCU/STMicroelectronics/stlink/CMakeFiles/CMakeTmp

Run Build Command:"/usr/bin/make" "cmTC_1efa6/fast"
/usr/bin/make -f CMakeFiles/cmTC_1efa6.dir/build.make CMakeFiles/cmTC_1efa6.dir/build
make[1]: Entering directory '/home/jack/Desktop/MCU/STMicroelectronics/stlink/CMakeFiles/CMakeTmp'
Building C object CMakeFiles/cmTC_1efa6.dir/src.c.o
/usr/bin/cc    -std=gnu99 -Wall -Wextra -DC_SUPPORTS_WSHADOW   -Wshadow -o CMakeFiles/cmTC_1efa6.dir/src.c.o   -c /home/jack/Desktop/MCU/STMicroelectronics/stlink/CMakeFiles/CMakeTmp/src.c
Linking C executable cmTC_1efa6
/usr/bin/cmake -E cmake_link_script CMakeFiles/cmTC_1efa6.dir/link.txt --verbose=1
/usr/bin/cc   -std=gnu99 -Wall -Wextra -DC_SUPPORTS_WSHADOW    CMakeFiles/cmTC_1efa6.dir/src.c.o  -o cmTC_1efa6 -rdynamic 
make[1]: Leaving directory '/home/jack/Desktop/MCU/STMicroelectronics/stlink/CMakeFiles/CMakeTmp'

Source file was:
int main(void) { return 0; }
Performing C SOURCE FILE Test C_SUPPORTS_D_FORTIFY_SOURCE_2 succeeded with the following output:
Change Dir: /home/jack/Desktop/MCU/STMicroelectronics/stlink/CMakeFiles/CMakeTmp

Run Build Command:"/usr/bin/make" "cmTC_9c1fa/fast"
/usr/bin/make -f CMakeFiles/cmTC_9c1fa.dir/build.make CMakeFiles/cmTC_9c1fa.dir/build
make[1]: Entering directory '/home/jack/Desktop/MCU/STMicroelectronics/stlink/CMakeFiles/CMakeTmp'
Building C object CMakeFiles/cmTC_9c1fa.dir/src.c.o
/usr/bin/cc  -D_FORTIFY_SOURCE=2  -std=gnu99 -Wall -Wextra -Wshadow -DC_SUPPORTS_D_FORTIFY_SOURCE_2   -o CMakeFiles/cmTC_9c1fa.dir/src.c.o   -c /home/jack/Desktop/MCU/STMicroelectronics/stlink/CMakeFiles/CMakeTmp/src.c
Linking C executable cmTC_9c1fa
/usr/bin/cmake -E cmake_link_script CMakeFiles/cmTC_9c1fa.dir/link.txt --verbose=1
/usr/bin/cc   -std=gnu99 -Wall -Wextra -Wshadow -DC_SUPPORTS_D_FORTIFY_SOURCE_2    CMakeFiles/cmTC_9c1fa.dir/src.c.o  -o cmTC_9c1fa -rdynamic 
make[1]: Leaving directory '/home/jack/Desktop/MCU/STMicroelectronics/stlink/CMakeFiles/CMakeTmp'

Source file was:
int main(void) { return 0; }
Performing C SOURCE FILE Test C_SUPPORTS_FSTRICT_ALIASING succeeded with the following output:
Change Dir: /home/jack/Desktop/MCU/STMicroelectronics/stlink/CMakeFiles/CMakeTmp

Run Build Command:"/usr/bin/make" "cmTC_f4f25/fast"
/usr/bin/make -f CMakeFiles/cmTC_f4f25.dir/build.make CMakeFiles/cmTC_f4f25.dir/build
make[1]: Entering directory '/home/jack/Desktop/MCU/STMicroelectronics/stlink/CMakeFiles/CMakeTmp'
Building C object CMakeFiles/cmTC_f4f25.dir/src.c.o
/usr/bin/cc    -std=gnu99 -Wall -Wextra -Wshadow -D_FORTIFY_SOURCE=2 -DC_SUPPORTS_FSTRICT_ALIASING   -fstrict-aliasing -o CMakeFiles/cmTC_f4f25.dir/src.c.o   -c /home/jack/Desktop/MCU/STMicroelectronics/stlink/CMakeFiles/CMakeTmp/src.c
Linking C executable cmTC_f4f25
/usr/bin/cmake -E cmake_link_script CMakeFiles/cmTC_f4f25.dir/link.txt --verbose=1
/usr/bin/cc   -std=gnu99 -Wall -Wextra -Wshadow -D_FORTIFY_SOURCE=2 -DC_SUPPORTS_FSTRICT_ALIASING    CMakeFiles/cmTC_f4f25.dir/src.c.o  -o cmTC_f4f25 -rdynamic 
make[1]: Leaving directory '/home/jack/Desktop/MCU/STMicroelectronics/stlink/CMakeFiles/CMakeTmp'

Source file was:
int main(void) { return 0; }
Performing C SOURCE FILE Test C_SUPPORTS_WUNDEF succeeded with the following output:
Change Dir: /home/jack/Desktop/MCU/STMicroelectronics/stlink/CMakeFiles/CMakeTmp

Run Build Command:"/usr/bin/make" "cmTC_8bc1d/fast"
/usr/bin/make -f CMakeFiles/cmTC_8bc1d.dir/build.make CMakeFiles/cmTC_8bc1d.dir/build
make[1]: Entering directory '/home/jack/Desktop/MCU/STMicroelectronics/stlink/CMakeFiles/CMakeTmp'
Building C object CMakeFiles/cmTC_8bc1d.dir/src.c.o
/usr/bin/cc    -std=gnu99 -Wall -Wextra -Wshadow -D_FORTIFY_SOURCE=2 -fstrict-aliasing -DC_SUPPORTS_WUNDEF   -Wundef -o CMakeFiles/cmTC_8bc1d.dir/src.c.o   -c /home/jack/Desktop/MCU/STMicroelectronics/stlink/CMakeFiles/CMakeTmp/src.c
Linking C executable cmTC_8bc1d
/usr/bin/cmake -E cmake_link_script CMakeFiles/cmTC_8bc1d.dir/link.txt --verbose=1
/usr/bin/cc   -std=gnu99 -Wall -Wextra -Wshadow -D_FORTIFY_SOURCE=2 -fstrict-aliasing -DC_SUPPORTS_WUNDEF    CMakeFiles/cmTC_8bc1d.dir/src.c.o  -o cmTC_8bc1d -rdynamic 
make[1]: Leaving directory '/home/jack/Desktop/MCU/STMicroelectronics/stlink/CMakeFiles/CMakeTmp'

Source file was:
int main(void) { return 0; }
Performing C SOURCE FILE Test C_SUPPORTS_WFORMAT succeeded with the following output:
Change Dir: /home/jack/Desktop/MCU/STMicroelectronics/stlink/CMakeFiles/CMakeTmp

Run Build Command:"/usr/bin/make" "cmTC_6eef4/fast"
/usr/bin/make -f CMakeFiles/cmTC_6eef4.dir/build.make CMakeFiles/cmTC_6eef4.dir/build
make[1]: Entering directory '/home/jack/Desktop/MCU/STMicroelectronics/stlink/CMakeFiles/CMakeTmp'
Building C object CMakeFiles/cmTC_6eef4.dir/src.c.o
/usr/bin/cc    -std=gnu99 -Wall -Wextra -Wshadow -D_FORTIFY_SOURCE=2 -fstrict-aliasing -Wundef -DC_SUPPORTS_WFORMAT   -Wformat -o CMakeFiles/cmTC_6eef4.dir/src.c.o   -c /home/jack/Desktop/MCU/STMicroelectronics/stlink/CMakeFiles/CMakeTmp/src.c
Linking C executable cmTC_6eef4
/usr/bin/cmake -E cmake_link_script CMakeFiles/cmTC_6eef4.dir/link.txt --verbose=1
/usr/bin/cc   -std=gnu99 -Wall -Wextra -Wshadow -D_FORTIFY_SOURCE=2 -fstrict-aliasing -Wundef -DC_SUPPORTS_WFORMAT    CMakeFiles/cmTC_6eef4.dir/src.c.o  -o cmTC_6eef4 -rdynamic 
make[1]: Leaving directory '/home/jack/Desktop/MCU/STMicroelectronics/stlink/CMakeFiles/CMakeTmp'

Source file was:
int main(void) { return 0; }
Performing C SOURCE FILE Test C_SUPPORTS_WFORMAT_SECURITY succeeded with the following output:
Change Dir: /home/jack/Desktop/MCU/STMicroelectronics/stlink/CMakeFiles/CMakeTmp

Run Build Command:"/usr/bin/make" "cmTC_7dcbf/fast"
/usr/bin/make -f CMakeFiles/cmTC_7dcbf.dir/build.make CMakeFiles/cmTC_7dcbf.dir/build
make[1]: Entering directory '/home/jack/Desktop/MCU/STMicroelectronics/stlink/CMakeFiles/CMakeTmp'
Building C object CMakeFiles/cmTC_7dcbf.dir/src.c.o
/usr/bin/cc    -std=gnu99 -Wall -Wextra -Wshadow -D_FORTIFY_SOURCE=2 -fstrict-aliasing -Wundef -Wformat -DC_SUPPORTS_WFORMAT_SECURITY   -Wformat-security -o CMakeFiles/cmTC_7dcbf.dir/src.c.o   -c /home/jack/Desktop/MCU/STMicroelectronics/stlink/CMakeFiles/CMakeTmp/src.c
Linking C executable cmTC_7dcbf
/usr/bin/cmake -E cmake_link_script CMakeFiles/cmTC_7dcbf.dir/link.txt --verbose=1
/usr/bin/cc   -std=gnu99 -Wall -Wextra -Wshadow -D_FORTIFY_SOURCE=2 -fstrict-aliasing -Wundef -Wformat -DC_SUPPORTS_WFORMAT_SECURITY    CMakeFiles/cmTC_7dcbf.dir/src.c.o  -o cmTC_7dcbf -rdynamic 
make[1]: Leaving directory '/home/jack/Desktop/MCU/STMicroelectronics/stlink/CMakeFiles/CMakeTmp'

Source file was:
int main(void) { return 0; }
Performing C SOURCE FILE Test C_SUPPORTS_WMAYBE_UNINITIALIZED succeeded with the following output:
Change Dir: /home/jack/Desktop/MCU/STMicroelectronics/stlink/CMakeFiles/CMakeTmp

Run Build Command:"/usr/bin/make" "cmTC_18c47/fast"
/usr/bin/make -f CMakeFiles/cmTC_18c47.dir/build.make CMakeFiles/cmTC_18c47.dir/build
make[1]: Entering directory '/home/jack/Desktop/MCU/STMicroelectronics/stlink/CMakeFiles/CMakeTmp'
Building C object CMakeFiles/cmTC_18c47.dir/src.c.o
/usr/bin/cc    -std=gnu99 -Wall -Wextra -Wshadow -D_FORTIFY_SOURCE=2 -fstrict-aliasing -Wundef -Wformat -Wformat-security -DC_SUPPORTS_WMAYBE_UNINITIALIZED   -Wmaybe-uninitialized -o CMakeFiles/cmTC_18c47.dir/src.c.o   -c /home/jack/Desktop/MCU/STMicroelectronics/stlink/CMakeFiles/CMakeTmp/src.c
Linking C executable cmTC_18c47
/usr/bin/cmake -E cmake_link_script CMakeFiles/cmTC_18c47.dir/link.txt --verbose=1
/usr/bin/cc   -std=gnu99 -Wall -Wextra -Wshadow -D_FORTIFY_SOURCE=2 -fstrict-aliasing -Wundef -Wformat -Wformat-security -DC_SUPPORTS_WMAYBE_UNINITIALIZED    CMakeFiles/cmTC_18c47.dir/src.c.o  -o cmTC_18c47 -rdynamic 
make[1]: Leaving directory '/home/jack/Desktop/MCU/STMicroelectronics/stlink/CMakeFiles/CMakeTmp'

Source file was:
int main(void) { return 0; }
Performing C SOURCE FILE Test C_SUPPORTS_WIMPLICIT_FUNCTION_DECLARATION succeeded with the following output:
Change Dir: /home/jack/Desktop/MCU/STMicroelectronics/stlink/CMakeFiles/CMakeTmp

Run Build Command:"/usr/bin/make" "cmTC_b7fab/fast"
/usr/bin/make -f CMakeFiles/cmTC_b7fab.dir/build.make CMakeFiles/cmTC_b7fab.dir/build
make[1]: Entering directory '/home/jack/Desktop/MCU/STMicroelectronics/stlink/CMakeFiles/CMakeTmp'
Building C object CMakeFiles/cmTC_b7fab.dir/src.c.o
/usr/bin/cc    -std=gnu99 -Wall -Wextra -Wshadow -D_FORTIFY_SOURCE=2 -fstrict-aliasing -Wundef -Wformat -Wformat-security -Wmaybe-uninitialized -DC_SUPPORTS_WIMPLICIT_FUNCTION_DECLARATION   -Wimplicit-function-declaration -o CMakeFiles/cmTC_b7fab.dir/src.c.o   -c /home/jack/Desktop/MCU/STMicroelectronics/stlink/CMakeFiles/CMakeTmp/src.c
Linking C executable cmTC_b7fab
/usr/bin/cmake -E cmake_link_script CMakeFiles/cmTC_b7fab.dir/link.txt --verbose=1
/usr/bin/cc   -std=gnu99 -Wall -Wextra -Wshadow -D_FORTIFY_SOURCE=2 -fstrict-aliasing -Wundef -Wformat -Wformat-security -Wmaybe-uninitialized -DC_SUPPORTS_WIMPLICIT_FUNCTION_DECLARATION    CMakeFiles/cmTC_b7fab.dir/src.c.o  -o cmTC_b7fab -rdynamic 
make[1]: Leaving directory '/home/jack/Desktop/MCU/STMicroelectronics/stlink/CMakeFiles/CMakeTmp'

Source file was:
int main(void) { return 0; }
Performing C SOURCE FILE Test C_SUPPORTS_WREDUNDANT_DECLS succeeded with the following output:
Change Dir: /home/jack/Desktop/MCU/STMicroelectronics/stlink/CMakeFiles/CMakeTmp

Run Build Command:"/usr/bin/make" "cmTC_c8c2e/fast"
/usr/bin/make -f CMakeFiles/cmTC_c8c2e.dir/build.make CMakeFiles/cmTC_c8c2e.dir/build
make[1]: Entering directory '/home/jack/Desktop/MCU/STMicroelectronics/stlink/CMakeFiles/CMakeTmp'
Building C object CMakeFiles/cmTC_c8c2e.dir/src.c.o
/usr/bin/cc    -std=gnu99 -Wall -Wextra -Wshadow -D_FORTIFY_SOURCE=2 -fstrict-aliasing -Wundef -Wformat -Wformat-security -Wmaybe-uninitialized -Wimplicit-function-declaration -DC_SUPPORTS_WREDUNDANT_DECLS   -Wredundant-decls -o CMakeFiles/cmTC_c8c2e.dir/src.c.o   -c /home/jack/Desktop/MCU/STMicroelectronics/stlink/CMakeFiles/CMakeTmp/src.c
Linking C executable cmTC_c8c2e
/usr/bin/cmake -E cmake_link_script CMakeFiles/cmTC_c8c2e.dir/link.txt --verbose=1
/usr/bin/cc   -std=gnu99 -Wall -Wextra -Wshadow -D_FORTIFY_SOURCE=2 -fstrict-aliasing -Wundef -Wformat -Wformat-security -Wmaybe-uninitialized -Wimplicit-function-declaration -DC_SUPPORTS_WREDUNDANT_DECLS    CMakeFiles/cmTC_c8c2e.dir/src.c.o  -o cmTC_c8c2e -rdynamic 
make[1]: Leaving directory '/home/jack/Desktop/MCU/STMicroelectronics/stlink/CMakeFiles/CMakeTmp'

Source file was:
int main(void) { return 0; }
Performing C SOURCE FILE Test C_SUPPORTS_FPIC succeeded with the following output:
Change Dir: /home/jack/Desktop/MCU/STMicroelectronics/stlink/CMakeFiles/CMakeTmp

Run Build Command:"/usr/bin/make" "cmTC_547ec/fast"
/usr/bin/make -f CMakeFiles/cmTC_547ec.dir/build.make CMakeFiles/cmTC_547ec.dir/build
make[1]: Entering directory '/home/jack/Desktop/MCU/STMicroelectronics/stlink/CMakeFiles/CMakeTmp'
Building C object CMakeFiles/cmTC_547ec.dir/src.c.o
/usr/bin/cc    -std=gnu99 -Wall -Wextra -Wshadow -D_FORTIFY_SOURCE=2 -fstrict-aliasing -Wundef -Wformat -Wformat-security -Wmaybe-uninitialized -Wimplicit-function-declaration -Wredundant-decls -DC_SUPPORTS_FPIC   -fPIC -o CMakeFiles/cmTC_547ec.dir/src.c.o   -c /home/jack/Desktop/MCU/STMicroelectronics/stlink/CMakeFiles/CMakeTmp/src.c
Linking C executable cmTC_547ec
/usr/bin/cmake -E cmake_link_script CMakeFiles/cmTC_547ec.dir/link.txt --verbose=1
/usr/bin/cc   -std=gnu99 -Wall -Wextra -Wshadow -D_FORTIFY_SOURCE=2 -fstrict-aliasing -Wundef -Wformat -Wformat-security -Wmaybe-uninitialized -Wimplicit-function-declaration -Wredundant-decls -DC_SUPPORTS_FPIC    CMakeFiles/cmTC_547ec.dir/src.c.o  -o cmTC_547ec -rdynamic 
make[1]: Leaving directory '/home/jack/Desktop/MCU/STMicroelectronics/stlink/CMakeFiles/CMakeTmp'

Source file was:
int main(void) { return 0; }
Performing C SOURCE FILE Test C_SUPPORTS_O2 succeeded with the following output:
Change Dir: /home/jack/Desktop/MCU/STMicroelectronics/stlink/CMakeFiles/CMakeTmp

Run Build Command:"/usr/bin/make" "cmTC_c7b8d/fast"
/usr/bin/make -f CMakeFiles/cmTC_c7b8d.dir/build.make CMakeFiles/cmTC_c7b8d.dir/build
make[1]: Entering directory '/home/jack/Desktop/MCU/STMicroelectronics/stlink/CMakeFiles/CMakeTmp'
Building C object CMakeFiles/cmTC_c7b8d.dir/src.c.o
/usr/bin/cc    -std=gnu99 -Wall -Wextra -Wshadow -D_FORTIFY_SOURCE=2 -fstrict-aliasing -Wundef -Wformat -Wformat-security -Wmaybe-uninitialized -Wimplicit-function-declaration -Wredundant-decls -fPIC -DC_SUPPORTS_O2   -O2 -o CMakeFiles/cmTC_c7b8d.dir/src.c.o   -c /home/jack/Desktop/MCU/STMicroelectronics/stlink/CMakeFiles/CMakeTmp/src.c
Linking C executable cmTC_c7b8d
/usr/bin/cmake -E cmake_link_script CMakeFiles/cmTC_c7b8d.dir/link.txt --verbose=1
/usr/bin/cc   -std=gnu99 -Wall -Wextra -Wshadow -D_FORTIFY_SOURCE=2 -fstrict-aliasing -Wundef -Wformat -Wformat-security -Wmaybe-uninitialized -Wimplicit-function-declaration -Wredundant-decls -fPIC -DC_SUPPORTS_O2    CMakeFiles/cmTC_c7b8d.dir/src.c.o  -o cmTC_c7b8d -rdynamic 
make[1]: Leaving directory '/home/jack/Desktop/MCU/STMicroelectronics/stlink/CMakeFiles/CMakeTmp'

Source file was:
int main(void) { return 0; }
Performing C SOURCE FILE Test C_SUPPORTS_WERROR succeeded with the following output:
Change Dir: /home/jack/Desktop/MCU/STMicroelectronics/stlink/CMakeFiles/CMakeTmp

Run Build Command:"/usr/bin/make" "cmTC_18b25/fast"
/usr/bin/make -f CMakeFiles/cmTC_18b25.dir/build.make CMakeFiles/cmTC_18b25.dir/build
make[1]: Entering directory '/home/jack/Desktop/MCU/STMicroelectronics/stlink/CMakeFiles/CMakeTmp'
Building C object CMakeFiles/cmTC_18b25.dir/src.c.o
/usr/bin/cc    -std=gnu99 -Wall -Wextra -Wshadow -D_FORTIFY_SOURCE=2 -fstrict-aliasing -Wundef -Wformat -Wformat-security -Wmaybe-uninitialized -Wimplicit-function-declaration -Wredundant-decls -fPIC -O2 -DC_SUPPORTS_WERROR   -Werror -o CMakeFiles/cmTC_18b25.dir/src.c.o   -c /home/jack/Desktop/MCU/STMicroelectronics/stlink/CMakeFiles/CMakeTmp/src.c
Linking C executable cmTC_18b25
/usr/bin/cmake -E cmake_link_script CMakeFiles/cmTC_18b25.dir/link.txt --verbose=1
/usr/bin/cc   -std=gnu99 -Wall -Wextra -Wshadow -D_FORTIFY_SOURCE=2 -fstrict-aliasing -Wundef -Wformat -Wformat-security -Wmaybe-uninitialized -Wimplicit-function-declaration -Wredundant-decls -fPIC -O2 -DC_SUPPORTS_WERROR    CMakeFiles/cmTC_18b25.dir/src.c.o  -o cmTC_18b25 -rdynamic 
make[1]: Leaving directory '/home/jack/Desktop/MCU/STMicroelectronics/stlink/CMakeFiles/CMakeTmp'

Source file was:
int main(void) { return 0; }
Determining if the include file sys/mman.h exists passed with the following output:
Change Dir: /home/jack/Desktop/MCU/STMicroelectronics/stlink/CMakeFiles/CMakeTmp

Run Build Command:"/usr/bin/make" "cmTC_05938/fast"
/usr/bin/make -f CMakeFiles/cmTC_05938.dir/build.make CMakeFiles/cmTC_05938.dir/build
make[1]: Entering directory '/home/jack/Desktop/MCU/STMicroelectronics/stlink/CMakeFiles/CMakeTmp'
Building C object CMakeFiles/cmTC_05938.dir/CheckIncludeFile.c.o
/usr/bin/cc    -std=gnu99 -Wall -Wextra -Wshadow -D_FORTIFY_SOURCE=2 -fstrict-aliasing -Wundef -Wformat -Wformat-security -Wmaybe-uninitialized -Wimplicit-function-declaration -Wredundant-decls -fPIC -O2 -Werror    -o CMakeFiles/cmTC_05938.dir/CheckIncludeFile.c.o   -c /home/jack/Desktop/MCU/STMicroelectronics/stlink/CMakeFiles/CMakeTmp/CheckIncludeFile.c
Linking C executable cmTC_05938
/usr/bin/cmake -E cmake_link_script CMakeFiles/cmTC_05938.dir/link.txt --verbose=1
/usr/bin/cc   -std=gnu99 -Wall -Wextra -Wshadow -D_FORTIFY_SOURCE=2 -fstrict-aliasing -Wundef -Wformat -Wformat-security -Wmaybe-uninitialized -Wimplicit-function-declaration -Wredundant-decls -fPIC -O2 -Werror     CMakeFiles/cmTC_05938.dir/CheckIncludeFile.c.o  -o cmTC_05938 -rdynamic 
make[1]: Leaving directory '/home/jack/Desktop/MCU/STMicroelectronics/stlink/CMakeFiles/CMakeTmp'


Determining if the include file unistd.h exists passed with the following output:
Change Dir: /home/jack/Desktop/MCU/STMicroelectronics/stlink/CMakeFiles/CMakeTmp

Run Build Command:"/usr/bin/make" "cmTC_fad35/fast"
/usr/bin/make -f CMakeFiles/cmTC_fad35.dir/build.make CMakeFiles/cmTC_fad35.dir/build
make[1]: Entering directory '/home/jack/Desktop/MCU/STMicroelectronics/stlink/CMakeFiles/CMakeTmp'
Building C object CMakeFiles/cmTC_fad35.dir/CheckIncludeFile.c.o
/usr/bin/cc    -std=gnu99 -Wall -Wextra -Wshadow -D_FORTIFY_SOURCE=2 -fstrict-aliasing -Wundef -Wformat -Wformat-security -Wmaybe-uninitialized -Wimplicit-function-declaration -Wredundant-decls -fPIC -O2 -Werror    -o CMakeFiles/cmTC_fad35.dir/CheckIncludeFile.c.o   -c /home/jack/Desktop/MCU/STMicroelectronics/stlink/CMakeFiles/CMakeTmp/CheckIncludeFile.c
Linking C executable cmTC_fad35
/usr/bin/cmake -E cmake_link_script CMakeFiles/cmTC_fad35.dir/link.txt --verbose=1
/usr/bin/cc   -std=gnu99 -Wall -Wextra -Wshadow -D_FORTIFY_SOURCE=2 -fstrict-aliasing -Wundef -Wformat -Wformat-security -Wmaybe-uninitialized -Wimplicit-function-declaration -Wredundant-decls -fPIC -O2 -Werror     CMakeFiles/cmTC_fad35.dir/CheckIncludeFile.c.o  -o cmTC_fad35 -rdynamic 
make[1]: Leaving directory '/home/jack/Desktop/MCU/STMicroelectronics/stlink/CMakeFiles/CMakeTmp'


Performing C SOURCE FILE Test C_SUPPORTS_STD_GNU99 succeeded with the following output:
Change Dir: /home/jack/Desktop/MCU/stm/stlink/CMakeFiles/CMakeTmp

Run Build Command:"/usr/bin/make" "cmTC_938e5/fast"
/usr/bin/make -f CMakeFiles/cmTC_938e5.dir/build.make CMakeFiles/cmTC_938e5.dir/build
make[1]: Entering directory '/home/jack/Desktop/MCU/stm/stlink/CMakeFiles/CMakeTmp'
Building C object CMakeFiles/cmTC_938e5.dir/src.c.o
/usr/bin/cc    -DC_SUPPORTS_STD_GNU99   -std=gnu99 -o CMakeFiles/cmTC_938e5.dir/src.c.o   -c /home/jack/Desktop/MCU/stm/stlink/CMakeFiles/CMakeTmp/src.c
Linking C executable cmTC_938e5
/usr/bin/cmake -E cmake_link_script CMakeFiles/cmTC_938e5.dir/link.txt --verbose=1
/usr/bin/cc   -DC_SUPPORTS_STD_GNU99    CMakeFiles/cmTC_938e5.dir/src.c.o  -o cmTC_938e5 -rdynamic 
make[1]: Leaving directory '/home/jack/Desktop/MCU/stm/stlink/CMakeFiles/CMakeTmp'

Source file was:
int main(void) { return 0; }
Performing C SOURCE FILE Test C_SUPPORTS_WALL succeeded with the following output:
Change Dir: /home/jack/Desktop/MCU/stm/stlink/CMakeFiles/CMakeTmp

Run Build Command:"/usr/bin/make" "cmTC_ba337/fast"
/usr/bin/make -f CMakeFiles/cmTC_ba337.dir/build.make CMakeFiles/cmTC_ba337.dir/build
make[1]: Entering directory '/home/jack/Desktop/MCU/stm/stlink/CMakeFiles/CMakeTmp'
Building C object CMakeFiles/cmTC_ba337.dir/src.c.o
/usr/bin/cc    -std=gnu99 -DC_SUPPORTS_WALL   -Wall -o CMakeFiles/cmTC_ba337.dir/src.c.o   -c /home/jack/Desktop/MCU/stm/stlink/CMakeFiles/CMakeTmp/src.c
Linking C executable cmTC_ba337
/usr/bin/cmake -E cmake_link_script CMakeFiles/cmTC_ba337.dir/link.txt --verbose=1
/usr/bin/cc   -std=gnu99 -DC_SUPPORTS_WALL    CMakeFiles/cmTC_ba337.dir/src.c.o  -o cmTC_ba337 -rdynamic 
make[1]: Leaving directory '/home/jack/Desktop/MCU/stm/stlink/CMakeFiles/CMakeTmp'

Source file was:
int main(void) { return 0; }
Performing C SOURCE FILE Test C_SUPPORTS_WEXTRA succeeded with the following output:
Change Dir: /home/jack/Desktop/MCU/stm/stlink/CMakeFiles/CMakeTmp

Run Build Command:"/usr/bin/make" "cmTC_9a259/fast"
/usr/bin/make -f CMakeFiles/cmTC_9a259.dir/build.make CMakeFiles/cmTC_9a259.dir/build
make[1]: Entering directory '/home/jack/Desktop/MCU/stm/stlink/CMakeFiles/CMakeTmp'
Building C object CMakeFiles/cmTC_9a259.dir/src.c.o
/usr/bin/cc    -std=gnu99 -Wall -DC_SUPPORTS_WEXTRA   -Wextra -o CMakeFiles/cmTC_9a259.dir/src.c.o   -c /home/jack/Desktop/MCU/stm/stlink/CMakeFiles/CMakeTmp/src.c
Linking C executable cmTC_9a259
/usr/bin/cmake -E cmake_link_script CMakeFiles/cmTC_9a259.dir/link.txt --verbose=1
/usr/bin/cc   -std=gnu99 -Wall -DC_SUPPORTS_WEXTRA    CMakeFiles/cmTC_9a259.dir/src.c.o  -o cmTC_9a259 -rdynamic 
make[1]: Leaving directory '/home/jack/Desktop/MCU/stm/stlink/CMakeFiles/CMakeTmp'

Source file was:
int main(void) { return 0; }
Performing C SOURCE FILE Test C_SUPPORTS_WSHADOW succeeded with the following output:
Change Dir: /home/jack/Desktop/MCU/stm/stlink/CMakeFiles/CMakeTmp

Run Build Command:"/usr/bin/make" "cmTC_df46d/fast"
/usr/bin/make -f CMakeFiles/cmTC_df46d.dir/build.make CMakeFiles/cmTC_df46d.dir/build
make[1]: Entering directory '/home/jack/Desktop/MCU/stm/stlink/CMakeFiles/CMakeTmp'
Building C object CMakeFiles/cmTC_df46d.dir/src.c.o
/usr/bin/cc    -std=gnu99 -Wall -Wextra -DC_SUPPORTS_WSHADOW   -Wshadow -o CMakeFiles/cmTC_df46d.dir/src.c.o   -c /home/jack/Desktop/MCU/stm/stlink/CMakeFiles/CMakeTmp/src.c
Linking C executable cmTC_df46d
/usr/bin/cmake -E cmake_link_script CMakeFiles/cmTC_df46d.dir/link.txt --verbose=1
/usr/bin/cc   -std=gnu99 -Wall -Wextra -DC_SUPPORTS_WSHADOW    CMakeFiles/cmTC_df46d.dir/src.c.o  -o cmTC_df46d -rdynamic 
make[1]: Leaving directory '/home/jack/Desktop/MCU/stm/stlink/CMakeFiles/CMakeTmp'

Source file was:
int main(void) { return 0; }
Performing C SOURCE FILE Test C_SUPPORTS_D_FORTIFY_SOURCE_2 succeeded with the following output:
Change Dir: /home/jack/Desktop/MCU/stm/stlink/CMakeFiles/CMakeTmp

Run Build Command:"/usr/bin/make" "cmTC_24361/fast"
/usr/bin/make -f CMakeFiles/cmTC_24361.dir/build.make CMakeFiles/cmTC_24361.dir/build
make[1]: Entering directory '/home/jack/Desktop/MCU/stm/stlink/CMakeFiles/CMakeTmp'
Building C object CMakeFiles/cmTC_24361.dir/src.c.o
/usr/bin/cc  -D_FORTIFY_SOURCE=2  -std=gnu99 -Wall -Wextra -Wshadow -DC_SUPPORTS_D_FORTIFY_SOURCE_2   -o CMakeFiles/cmTC_24361.dir/src.c.o   -c /home/jack/Desktop/MCU/stm/stlink/CMakeFiles/CMakeTmp/src.c
Linking C executable cmTC_24361
/usr/bin/cmake -E cmake_link_script CMakeFiles/cmTC_24361.dir/link.txt --verbose=1
/usr/bin/cc   -std=gnu99 -Wall -Wextra -Wshadow -DC_SUPPORTS_D_FORTIFY_SOURCE_2    CMakeFiles/cmTC_24361.dir/src.c.o  -o cmTC_24361 -rdynamic 
make[1]: Leaving directory '/home/jack/Desktop/MCU/stm/stlink/CMakeFiles/CMakeTmp'

Source file was:
int main(void) { return 0; }
Performing C SOURCE FILE Test C_SUPPORTS_FSTRICT_ALIASING succeeded with the following output:
Change Dir: /home/jack/Desktop/MCU/stm/stlink/CMakeFiles/CMakeTmp

Run Build Command:"/usr/bin/make" "cmTC_3a187/fast"
/usr/bin/make -f CMakeFiles/cmTC_3a187.dir/build.make CMakeFiles/cmTC_3a187.dir/build
make[1]: Entering directory '/home/jack/Desktop/MCU/stm/stlink/CMakeFiles/CMakeTmp'
Building C object CMakeFiles/cmTC_3a187.dir/src.c.o
/usr/bin/cc    -std=gnu99 -Wall -Wextra -Wshadow -D_FORTIFY_SOURCE=2 -DC_SUPPORTS_FSTRICT_ALIASING   -fstrict-aliasing -o CMakeFiles/cmTC_3a187.dir/src.c.o   -c /home/jack/Desktop/MCU/stm/stlink/CMakeFiles/CMakeTmp/src.c
Linking C executable cmTC_3a187
/usr/bin/cmake -E cmake_link_script CMakeFiles/cmTC_3a187.dir/link.txt --verbose=1
/usr/bin/cc   -std=gnu99 -Wall -Wextra -Wshadow -D_FORTIFY_SOURCE=2 -DC_SUPPORTS_FSTRICT_ALIASING    CMakeFiles/cmTC_3a187.dir/src.c.o  -o cmTC_3a187 -rdynamic 
make[1]: Leaving directory '/home/jack/Desktop/MCU/stm/stlink/CMakeFiles/CMakeTmp'

Source file was:
int main(void) { return 0; }
Performing C SOURCE FILE Test C_SUPPORTS_WUNDEF succeeded with the following output:
Change Dir: /home/jack/Desktop/MCU/stm/stlink/CMakeFiles/CMakeTmp

Run Build Command:"/usr/bin/make" "cmTC_1d007/fast"
/usr/bin/make -f CMakeFiles/cmTC_1d007.dir/build.make CMakeFiles/cmTC_1d007.dir/build
make[1]: Entering directory '/home/jack/Desktop/MCU/stm/stlink/CMakeFiles/CMakeTmp'
Building C object CMakeFiles/cmTC_1d007.dir/src.c.o
/usr/bin/cc    -std=gnu99 -Wall -Wextra -Wshadow -D_FORTIFY_SOURCE=2 -fstrict-aliasing -DC_SUPPORTS_WUNDEF   -Wundef -o CMakeFiles/cmTC_1d007.dir/src.c.o   -c /home/jack/Desktop/MCU/stm/stlink/CMakeFiles/CMakeTmp/src.c
Linking C executable cmTC_1d007
/usr/bin/cmake -E cmake_link_script CMakeFiles/cmTC_1d007.dir/link.txt --verbose=1
/usr/bin/cc   -std=gnu99 -Wall -Wextra -Wshadow -D_FORTIFY_SOURCE=2 -fstrict-aliasing -DC_SUPPORTS_WUNDEF    CMakeFiles/cmTC_1d007.dir/src.c.o  -o cmTC_1d007 -rdynamic 
make[1]: Leaving directory '/home/jack/Desktop/MCU/stm/stlink/CMakeFiles/CMakeTmp'

Source file was:
int main(void) { return 0; }
Performing C SOURCE FILE Test C_SUPPORTS_WFORMAT succeeded with the following output:
Change Dir: /home/jack/Desktop/MCU/stm/stlink/CMakeFiles/CMakeTmp

Run Build Command:"/usr/bin/make" "cmTC_cdd65/fast"
/usr/bin/make -f CMakeFiles/cmTC_cdd65.dir/build.make CMakeFiles/cmTC_cdd65.dir/build
make[1]: Entering directory '/home/jack/Desktop/MCU/stm/stlink/CMakeFiles/CMakeTmp'
Building C object CMakeFiles/cmTC_cdd65.dir/src.c.o
/usr/bin/cc    -std=gnu99 -Wall -Wextra -Wshadow -D_FORTIFY_SOURCE=2 -fstrict-aliasing -Wundef -DC_SUPPORTS_WFORMAT   -Wformat -o CMakeFiles/cmTC_cdd65.dir/src.c.o   -c /home/jack/Desktop/MCU/stm/stlink/CMakeFiles/CMakeTmp/src.c
Linking C executable cmTC_cdd65
/usr/bin/cmake -E cmake_link_script CMakeFiles/cmTC_cdd65.dir/link.txt --verbose=1
/usr/bin/cc   -std=gnu99 -Wall -Wextra -Wshadow -D_FORTIFY_SOURCE=2 -fstrict-aliasing -Wundef -DC_SUPPORTS_WFORMAT    CMakeFiles/cmTC_cdd65.dir/src.c.o  -o cmTC_cdd65 -rdynamic 
make[1]: Leaving directory '/home/jack/Desktop/MCU/stm/stlink/CMakeFiles/CMakeTmp'

Source file was:
int main(void) { return 0; }
Performing C SOURCE FILE Test C_SUPPORTS_WFORMAT_SECURITY succeeded with the following output:
Change Dir: /home/jack/Desktop/MCU/stm/stlink/CMakeFiles/CMakeTmp

Run Build Command:"/usr/bin/make" "cmTC_d57d6/fast"
/usr/bin/make -f CMakeFiles/cmTC_d57d6.dir/build.make CMakeFiles/cmTC_d57d6.dir/build
make[1]: Entering directory '/home/jack/Desktop/MCU/stm/stlink/CMakeFiles/CMakeTmp'
Building C object CMakeFiles/cmTC_d57d6.dir/src.c.o
/usr/bin/cc    -std=gnu99 -Wall -Wextra -Wshadow -D_FORTIFY_SOURCE=2 -fstrict-aliasing -Wundef -Wformat -DC_SUPPORTS_WFORMAT_SECURITY   -Wformat-security -o CMakeFiles/cmTC_d57d6.dir/src.c.o   -c /home/jack/Desktop/MCU/stm/stlink/CMakeFiles/CMakeTmp/src.c
Linking C executable cmTC_d57d6
/usr/bin/cmake -E cmake_link_script CMakeFiles/cmTC_d57d6.dir/link.txt --verbose=1
/usr/bin/cc   -std=gnu99 -Wall -Wextra -Wshadow -D_FORTIFY_SOURCE=2 -fstrict-aliasing -Wundef -Wformat -DC_SUPPORTS_WFORMAT_SECURITY    CMakeFiles/cmTC_d57d6.dir/src.c.o  -o cmTC_d57d6 -rdynamic 
make[1]: Leaving directory '/home/jack/Desktop/MCU/stm/stlink/CMakeFiles/CMakeTmp'

Source file was:
int main(void) { return 0; }
Performing C SOURCE FILE Test C_SUPPORTS_WMAYBE_UNINITIALIZED succeeded with the following output:
Change Dir: /home/jack/Desktop/MCU/stm/stlink/CMakeFiles/CMakeTmp

Run Build Command:"/usr/bin/make" "cmTC_6576f/fast"
/usr/bin/make -f CMakeFiles/cmTC_6576f.dir/build.make CMakeFiles/cmTC_6576f.dir/build
make[1]: Entering directory '/home/jack/Desktop/MCU/stm/stlink/CMakeFiles/CMakeTmp'
Building C object CMakeFiles/cmTC_6576f.dir/src.c.o
/usr/bin/cc    -std=gnu99 -Wall -Wextra -Wshadow -D_FORTIFY_SOURCE=2 -fstrict-aliasing -Wundef -Wformat -Wformat-security -DC_SUPPORTS_WMAYBE_UNINITIALIZED   -Wmaybe-uninitialized -o CMakeFiles/cmTC_6576f.dir/src.c.o   -c /home/jack/Desktop/MCU/stm/stlink/CMakeFiles/CMakeTmp/src.c
Linking C executable cmTC_6576f
/usr/bin/cmake -E cmake_link_script CMakeFiles/cmTC_6576f.dir/link.txt --verbose=1
/usr/bin/cc   -std=gnu99 -Wall -Wextra -Wshadow -D_FORTIFY_SOURCE=2 -fstrict-aliasing -Wundef -Wformat -Wformat-security -DC_SUPPORTS_WMAYBE_UNINITIALIZED    CMakeFiles/cmTC_6576f.dir/src.c.o  -o cmTC_6576f -rdynamic 
make[1]: Leaving directory '/home/jack/Desktop/MCU/stm/stlink/CMakeFiles/CMakeTmp'

Source file was:
int main(void) { return 0; }
Performing C SOURCE FILE Test C_SUPPORTS_WIMPLICIT_FUNCTION_DECLARATION succeeded with the following output:
Change Dir: /home/jack/Desktop/MCU/stm/stlink/CMakeFiles/CMakeTmp

Run Build Command:"/usr/bin/make" "cmTC_cb299/fast"
/usr/bin/make -f CMakeFiles/cmTC_cb299.dir/build.make CMakeFiles/cmTC_cb299.dir/build
make[1]: Entering directory '/home/jack/Desktop/MCU/stm/stlink/CMakeFiles/CMakeTmp'
Building C object CMakeFiles/cmTC_cb299.dir/src.c.o
/usr/bin/cc    -std=gnu99 -Wall -Wextra -Wshadow -D_FORTIFY_SOURCE=2 -fstrict-aliasing -Wundef -Wformat -Wformat-security -Wmaybe-uninitialized -DC_SUPPORTS_WIMPLICIT_FUNCTION_DECLARATION   -Wimplicit-function-declaration -o CMakeFiles/cmTC_cb299.dir/src.c.o   -c /home/jack/Desktop/MCU/stm/stlink/CMakeFiles/CMakeTmp/src.c
Linking C executable cmTC_cb299
/usr/bin/cmake -E cmake_link_script CMakeFiles/cmTC_cb299.dir/link.txt --verbose=1
/usr/bin/cc   -std=gnu99 -Wall -Wextra -Wshadow -D_FORTIFY_SOURCE=2 -fstrict-aliasing -Wundef -Wformat -Wformat-security -Wmaybe-uninitialized -DC_SUPPORTS_WIMPLICIT_FUNCTION_DECLARATION    CMakeFiles/cmTC_cb299.dir/src.c.o  -o cmTC_cb299 -rdynamic 
make[1]: Leaving directory '/home/jack/Desktop/MCU/stm/stlink/CMakeFiles/CMakeTmp'

Source file was:
int main(void) { return 0; }
Performing C SOURCE FILE Test C_SUPPORTS_WREDUNDANT_DECLS succeeded with the following output:
Change Dir: /home/jack/Desktop/MCU/stm/stlink/CMakeFiles/CMakeTmp

Run Build Command:"/usr/bin/make" "cmTC_393d9/fast"
/usr/bin/make -f CMakeFiles/cmTC_393d9.dir/build.make CMakeFiles/cmTC_393d9.dir/build
make[1]: Entering directory '/home/jack/Desktop/MCU/stm/stlink/CMakeFiles/CMakeTmp'
Building C object CMakeFiles/cmTC_393d9.dir/src.c.o
/usr/bin/cc    -std=gnu99 -Wall -Wextra -Wshadow -D_FORTIFY_SOURCE=2 -fstrict-aliasing -Wundef -Wformat -Wformat-security -Wmaybe-uninitialized -Wimplicit-function-declaration -DC_SUPPORTS_WREDUNDANT_DECLS   -Wredundant-decls -o CMakeFiles/cmTC_393d9.dir/src.c.o   -c /home/jack/Desktop/MCU/stm/stlink/CMakeFiles/CMakeTmp/src.c
Linking C executable cmTC_393d9
/usr/bin/cmake -E cmake_link_script CMakeFiles/cmTC_393d9.dir/link.txt --verbose=1
/usr/bin/cc   -std=gnu99 -Wall -Wextra -Wshadow -D_FORTIFY_SOURCE=2 -fstrict-aliasing -Wundef -Wformat -Wformat-security -Wmaybe-uninitialized -Wimplicit-function-declaration -DC_SUPPORTS_WREDUNDANT_DECLS    CMakeFiles/cmTC_393d9.dir/src.c.o  -o cmTC_393d9 -rdynamic 
make[1]: Leaving directory '/home/jack/Desktop/MCU/stm/stlink/CMakeFiles/CMakeTmp'

Source file was:
int main(void) { return 0; }
Performing C SOURCE FILE Test C_SUPPORTS_FPIC succeeded with the following output:
Change Dir: /home/jack/Desktop/MCU/stm/stlink/CMakeFiles/CMakeTmp

Run Build Command:"/usr/bin/make" "cmTC_c14a2/fast"
/usr/bin/make -f CMakeFiles/cmTC_c14a2.dir/build.make CMakeFiles/cmTC_c14a2.dir/build
make[1]: Entering directory '/home/jack/Desktop/MCU/stm/stlink/CMakeFiles/CMakeTmp'
Building C object CMakeFiles/cmTC_c14a2.dir/src.c.o
/usr/bin/cc    -std=gnu99 -Wall -Wextra -Wshadow -D_FORTIFY_SOURCE=2 -fstrict-aliasing -Wundef -Wformat -Wformat-security -Wmaybe-uninitialized -Wimplicit-function-declaration -Wredundant-decls -DC_SUPPORTS_FPIC   -fPIC -o CMakeFiles/cmTC_c14a2.dir/src.c.o   -c /home/jack/Desktop/MCU/stm/stlink/CMakeFiles/CMakeTmp/src.c
Linking C executable cmTC_c14a2
/usr/bin/cmake -E cmake_link_script CMakeFiles/cmTC_c14a2.dir/link.txt --verbose=1
/usr/bin/cc   -std=gnu99 -Wall -Wextra -Wshadow -D_FORTIFY_SOURCE=2 -fstrict-aliasing -Wundef -Wformat -Wformat-security -Wmaybe-uninitialized -Wimplicit-function-declaration -Wredundant-decls -DC_SUPPORTS_FPIC    CMakeFiles/cmTC_c14a2.dir/src.c.o  -o cmTC_c14a2 -rdynamic 
make[1]: Leaving directory '/home/jack/Desktop/MCU/stm/stlink/CMakeFiles/CMakeTmp'

Source file was:
int main(void) { return 0; }
Performing C SOURCE FILE Test C_SUPPORTS_O2 succeeded with the following output:
Change Dir: /home/jack/Desktop/MCU/stm/stlink/CMakeFiles/CMakeTmp

Run Build Command:"/usr/bin/make" "cmTC_7d75a/fast"
/usr/bin/make -f CMakeFiles/cmTC_7d75a.dir/build.make CMakeFiles/cmTC_7d75a.dir/build
make[1]: Entering directory '/home/jack/Desktop/MCU/stm/stlink/CMakeFiles/CMakeTmp'
Building C object CMakeFiles/cmTC_7d75a.dir/src.c.o
/usr/bin/cc    -std=gnu99 -Wall -Wextra -Wshadow -D_FORTIFY_SOURCE=2 -fstrict-aliasing -Wundef -Wformat -Wformat-security -Wmaybe-uninitialized -Wimplicit-function-declaration -Wredundant-decls -fPIC -DC_SUPPORTS_O2   -O2 -o CMakeFiles/cmTC_7d75a.dir/src.c.o   -c /home/jack/Desktop/MCU/stm/stlink/CMakeFiles/CMakeTmp/src.c
Linking C executable cmTC_7d75a
/usr/bin/cmake -E cmake_link_script CMakeFiles/cmTC_7d75a.dir/link.txt --verbose=1
/usr/bin/cc   -std=gnu99 -Wall -Wextra -Wshadow -D_FORTIFY_SOURCE=2 -fstrict-aliasing -Wundef -Wformat -Wformat-security -Wmaybe-uninitialized -Wimplicit-function-declaration -Wredundant-decls -fPIC -DC_SUPPORTS_O2    CMakeFiles/cmTC_7d75a.dir/src.c.o  -o cmTC_7d75a -rdynamic 
make[1]: Leaving directory '/home/jack/Desktop/MCU/stm/stlink/CMakeFiles/CMakeTmp'

Source file was:
int main(void) { return 0; }
Performing C SOURCE FILE Test C_SUPPORTS_WERROR succeeded with the following output:
Change Dir: /home/jack/Desktop/MCU/stm/stlink/CMakeFiles/CMakeTmp

Run Build Command:"/usr/bin/make" "cmTC_3aa23/fast"
/usr/bin/make -f CMakeFiles/cmTC_3aa23.dir/build.make CMakeFiles/cmTC_3aa23.dir/build
make[1]: Entering directory '/home/jack/Desktop/MCU/stm/stlink/CMakeFiles/CMakeTmp'
Building C object CMakeFiles/cmTC_3aa23.dir/src.c.o
/usr/bin/cc    -std=gnu99 -Wall -Wextra -Wshadow -D_FORTIFY_SOURCE=2 -fstrict-aliasing -Wundef -Wformat -Wformat-security -Wmaybe-uninitialized -Wimplicit-function-declaration -Wredundant-decls -fPIC -O2 -DC_SUPPORTS_WERROR   -Werror -o CMakeFiles/cmTC_3aa23.dir/src.c.o   -c /home/jack/Desktop/MCU/stm/stlink/CMakeFiles/CMakeTmp/src.c
Linking C executable cmTC_3aa23
/usr/bin/cmake -E cmake_link_script CMakeFiles/cmTC_3aa23.dir/link.txt --verbose=1
/usr/bin/cc   -std=gnu99 -Wall -Wextra -Wshadow -D_FORTIFY_SOURCE=2 -fstrict-aliasing -Wundef -Wformat -Wformat-security -Wmaybe-uninitialized -Wimplicit-function-declaration -Wredundant-decls -fPIC -O2 -DC_SUPPORTS_WERROR    CMakeFiles/cmTC_3aa23.dir/src.c.o  -o cmTC_3aa23 -rdynamic 
make[1]: Leaving directory '/home/jack/Desktop/MCU/stm/stlink/CMakeFiles/CMakeTmp'

Source file was:
int main(void) { return 0; }
Determining if the include file sys/mman.h exists passed with the following output:
Change Dir: /home/jack/Desktop/MCU/stm/stlink/CMakeFiles/CMakeTmp

Run Build Command:"/usr/bin/make" "cmTC_5bc1e/fast"
/usr/bin/make -f CMakeFiles/cmTC_5bc1e.dir/build.make CMakeFiles/cmTC_5bc1e.dir/build
make[1]: Entering directory '/home/jack/Desktop/MCU/stm/stlink/CMakeFiles/CMakeTmp'
Building C object CMakeFiles/cmTC_5bc1e.dir/CheckIncludeFile.c.o
/usr/bin/cc    -std=gnu99 -Wall -Wextra -Wshadow -D_FORTIFY_SOURCE=2 -fstrict-aliasing -Wundef -Wformat -Wformat-security -Wmaybe-uninitialized -Wimplicit-function-declaration -Wredundant-decls -fPIC -O2 -Werror    -o CMakeFiles/cmTC_5bc1e.dir/CheckIncludeFile.c.o   -c /home/jack/Desktop/MCU/stm/stlink/CMakeFiles/CMakeTmp/CheckIncludeFile.c
Linking C executable cmTC_5bc1e
/usr/bin/cmake -E cmake_link_script CMakeFiles/cmTC_5bc1e.dir/link.txt --verbose=1
/usr/bin/cc   -std=gnu99 -Wall -Wextra -Wshadow -D_FORTIFY_SOURCE=2 -fstrict-aliasing -Wundef -Wformat -Wformat-security -Wmaybe-uninitialized -Wimplicit-function-declaration -Wredundant-decls -fPIC -O2 -Werror     CMakeFiles/cmTC_5bc1e.dir/CheckIncludeFile.c.o  -o cmTC_5bc1e -rdynamic 
make[1]: Leaving directory '/home/jack/Desktop/MCU/stm/stlink/CMakeFiles/CMakeTmp'


Determining if the include file unistd.h exists passed with the following output:
Change Dir: /home/jack/Desktop/MCU/stm/stlink/CMakeFiles/CMakeTmp

Run Build Command:"/usr/bin/make" "cmTC_00946/fast"
/usr/bin/make -f CMakeFiles/cmTC_00946.dir/build.make CMakeFiles/cmTC_00946.dir/build
make[1]: Entering directory '/home/jack/Desktop/MCU/stm/stlink/CMakeFiles/CMakeTmp'
Building C object CMakeFiles/cmTC_00946.dir/CheckIncludeFile.c.o
/usr/bin/cc    -std=gnu99 -Wall -Wextra -Wshadow -D_FORTIFY_SOURCE=2 -fstrict-aliasing -Wundef -Wformat -Wformat-security -Wmaybe-uninitialized -Wimplicit-function-declaration -Wredundant-decls -fPIC -O2 -Werror    -o CMakeFiles/cmTC_00946.dir/CheckIncludeFile.c.o   -c /home/jack/Desktop/MCU/stm/stlink/CMakeFiles/CMakeTmp/CheckIncludeFile.c
Linking C executable cmTC_00946
/usr/bin/cmake -E cmake_link_script CMakeFiles/cmTC_00946.dir/link.txt --verbose=1
/usr/bin/cc   -std=gnu99 -Wall -Wextra -Wshadow -D_FORTIFY_SOURCE=2 -fstrict-aliasing -Wundef -Wformat -Wformat-security -Wmaybe-uninitialized -Wimplicit-function-declaration -Wredundant-decls -fPIC -O2 -Werror     CMakeFiles/cmTC_00946.dir/CheckIncludeFile.c.o  -o cmTC_00946 -rdynamic 
make[1]: Leaving directory '/home/jack/Desktop/MCU/stm/stlink/CMakeFiles/CMakeTmp'


