Performing C SOURCE FILE Test C_SUPPORTS_WMISSING_VARIABLE_DECLARATIONS failed with the following output:
Change Dir: /home/jack/Desktop/MCU/STMicroelectronics/stlink/CMakeFiles/CMakeTmp

Run Build Command:"/usr/bin/make" "cmTC_8efc6/fast"
/usr/bin/make -f CMakeFiles/cmTC_8efc6.dir/build.make CMakeFiles/cmTC_8efc6.dir/build
make[1]: Entering directory '/home/jack/Desktop/MCU/STMicroelectronics/stlink/CMakeFiles/CMakeTmp'
Building C object CMakeFiles/cmTC_8efc6.dir/src.c.o
/usr/bin/cc    -std=gnu99 -Wall -Wextra -Wshadow -D_FORTIFY_SOURCE=2 -fstrict-aliasing -Wundef -Wformat -Wformat-security -Wmaybe-uninitialized -DC_SUPPORTS_WMISSING_VARIABLE_DECLARATIONS   -Wmissing-variable-declarations -o CMakeFiles/cmTC_8efc6.dir/src.c.o   -c /home/jack/Desktop/MCU/STMicroelectronics/stlink/CMakeFiles/CMakeTmp/src.c
cc: error: unrecognized command line option '-Wmissing-variable-declarations'
CMakeFiles/cmTC_8efc6.dir/build.make:65: recipe for target 'CMakeFiles/cmTC_8efc6.dir/src.c.o' failed
make[1]: *** [CMakeFiles/cmTC_8efc6.dir/src.c.o] Error 1
make[1]: Leaving directory '/home/jack/Desktop/MCU/STMicroelectronics/stlink/CMakeFiles/CMakeTmp'
Makefile:126: recipe for target 'cmTC_8efc6/fast' failed
make: *** [cmTC_8efc6/fast] Error 2

Source file was:
int main(void) { return 0; }
Performing C SOURCE FILE Test C_SUPPORTS_WSHORTEN_64_TO_32 failed with the following output:
Change Dir: /home/jack/Desktop/MCU/STMicroelectronics/stlink/CMakeFiles/CMakeTmp

Run Build Command:"/usr/bin/make" "cmTC_662b6/fast"
/usr/bin/make -f CMakeFiles/cmTC_662b6.dir/build.make CMakeFiles/cmTC_662b6.dir/build
make[1]: Entering directory '/home/jack/Desktop/MCU/STMicroelectronics/stlink/CMakeFiles/CMakeTmp'
Building C object CMakeFiles/cmTC_662b6.dir/src.c.o
/usr/bin/cc    -std=gnu99 -Wall -Wextra -Wshadow -D_FORTIFY_SOURCE=2 -fstrict-aliasing -Wundef -Wformat -Wformat-security -Wmaybe-uninitialized -DC_SUPPORTS_WSHORTEN_64_TO_32   -Wshorten-64-to-32 -o CMakeFiles/cmTC_662b6.dir/src.c.o   -c /home/jack/Desktop/MCU/STMicroelectronics/stlink/CMakeFiles/CMakeTmp/src.c
cc: error: unrecognized command line option '-Wshorten-64-to-32'
CMakeFiles/cmTC_662b6.dir/build.make:65: recipe for target 'CMakeFiles/cmTC_662b6.dir/src.c.o' failed
make[1]: *** [CMakeFiles/cmTC_662b6.dir/src.c.o] Error 1
make[1]: Leaving directory '/home/jack/Desktop/MCU/STMicroelectronics/stlink/CMakeFiles/CMakeTmp'
Makefile:126: recipe for target 'cmTC_662b6/fast' failed
make: *** [cmTC_662b6/fast] Error 2

Source file was:
int main(void) { return 0; }
Performing C SOURCE FILE Test C_SUPPORTS_WMISSING_VARIABLE_DECLARATIONS failed with the following output:
Change Dir: /home/jack/Desktop/MCU/stm/stlink/CMakeFiles/CMakeTmp

Run Build Command:"/usr/bin/make" "cmTC_6bc20/fast"
/usr/bin/make -f CMakeFiles/cmTC_6bc20.dir/build.make CMakeFiles/cmTC_6bc20.dir/build
make[1]: Entering directory '/home/jack/Desktop/MCU/stm/stlink/CMakeFiles/CMakeTmp'
Building C object CMakeFiles/cmTC_6bc20.dir/src.c.o
/usr/bin/cc    -std=gnu99 -Wall -Wextra -Wshadow -D_FORTIFY_SOURCE=2 -fstrict-aliasing -Wundef -Wformat -Wformat-security -Wmaybe-uninitialized -DC_SUPPORTS_WMISSING_VARIABLE_DECLARATIONS   -Wmissing-variable-declarations -o CMakeFiles/cmTC_6bc20.dir/src.c.o   -c /home/jack/Desktop/MCU/stm/stlink/CMakeFiles/CMakeTmp/src.c
cc: error: unrecognized command line option '-Wmissing-variable-declarations'
CMakeFiles/cmTC_6bc20.dir/build.make:65: recipe for target 'CMakeFiles/cmTC_6bc20.dir/src.c.o' failed
make[1]: *** [CMakeFiles/cmTC_6bc20.dir/src.c.o] Error 1
make[1]: Leaving directory '/home/jack/Desktop/MCU/stm/stlink/CMakeFiles/CMakeTmp'
Makefile:126: recipe for target 'cmTC_6bc20/fast' failed
make: *** [cmTC_6bc20/fast] Error 2

Source file was:
int main(void) { return 0; }
Performing C SOURCE FILE Test C_SUPPORTS_WSHORTEN_64_TO_32 failed with the following output:
Change Dir: /home/jack/Desktop/MCU/stm/stlink/CMakeFiles/CMakeTmp

Run Build Command:"/usr/bin/make" "cmTC_f0639/fast"
/usr/bin/make -f CMakeFiles/cmTC_f0639.dir/build.make CMakeFiles/cmTC_f0639.dir/build
make[1]: Entering directory '/home/jack/Desktop/MCU/stm/stlink/CMakeFiles/CMakeTmp'
Building C object CMakeFiles/cmTC_f0639.dir/src.c.o
/usr/bin/cc    -std=gnu99 -Wall -Wextra -Wshadow -D_FORTIFY_SOURCE=2 -fstrict-aliasing -Wundef -Wformat -Wformat-security -Wmaybe-uninitialized -DC_SUPPORTS_WSHORTEN_64_TO_32   -Wshorten-64-to-32 -o CMakeFiles/cmTC_f0639.dir/src.c.o   -c /home/jack/Desktop/MCU/stm/stlink/CMakeFiles/CMakeTmp/src.c
cc: error: unrecognized command line option '-Wshorten-64-to-32'
CMakeFiles/cmTC_f0639.dir/build.make:65: recipe for target 'CMakeFiles/cmTC_f0639.dir/src.c.o' failed
make[1]: *** [CMakeFiles/cmTC_f0639.dir/src.c.o] Error 1
make[1]: Leaving directory '/home/jack/Desktop/MCU/stm/stlink/CMakeFiles/CMakeTmp'
Makefile:126: recipe for target 'cmTC_f0639/fast' failed
make: *** [cmTC_f0639/fast] Error 2

Source file was:
int main(void) { return 0; }
